<?xml version="1.0" encoding="UTF-8"?>
<testng-results skipped="0" failed="0" total="0" passed="0">
  <reporter-output>
  </reporter-output>
  <suite name="eu.kielczewski.example.tests.EmpTest" duration-ms="5" started-at="2015-01-12T11:21:23Z" finished-at="2015-01-12T11:21:23Z">
    <groups>
    </groups>
    <test name="Command line test" duration-ms="5" started-at="2015-01-12T11:21:23Z" finished-at="2015-01-12T11:21:23Z">
    </test> <!-- Command line test -->
  </suite> <!-- eu.kielczewski.example.tests.EmpTest -->
</testng-results>
